Plugins:
Bundled analyzers:
  - Clean as You Code 2.3.0.1782 (cayc)
  - IaC Code Quality and Security 1.26.0.8471 (iac)
  - PL/SQL Code Quality and Security 3.12.0.6513 (plsql)
  - Scala Code Quality and Security 1.15.0.4655 (sonarscala)
  - C# Code Quality and Security 9.19.0.84025 (csharp)
  - Vulnerability Analysis 10.4.0.30099 (security)
  - Java Code Quality and Security 7.30.0.34429 (java)
  - HTML Code Quality and Security 3.13.0.4821 (web)
  - Flex Code Quality and Security 2.12.0.4568 (flex)
  - XML Code Quality and Security 2.10.0.4108 (xml)
  - Text Code Quality and Security 2.8.0.1635 (text)
  - VB.NET Code Quality and Security 9.19.0.84025 (vbnet)
  - Swift Code Quality and Security 4.12.0.7262 (swift)
  - CFamily Code Quality and Security 6.52.1.66618 (cpp)
  - Python Code Quality and Security 4.14.0.14263 (python)
  - Dataflow Bug Detection Rules for Python 1.22.0.7341 (dbdpythonfrontend)
  - Dataflow Bug Detection 1.22.0.7341 (dbd)
  - Go Code Quality and Security 1.15.0.4655 (go)
  - JaCoCo 1.3.0.1538 (jacoco)
  - Kotlin Code Quality and Security 2.20.0.4382 (kotlin)
  - RPG Code Quality 3.8.0.4662 (rpg)
  - Dataflow Bug Detection Rules for Java 1.22.0.7341 (dbdjavafrontend)
  - PL/I Code Quality and Security 1.15.0.4810 (pli)
  - T-SQL Code Quality and Security 1.12.0.7020 (tsql)
  - VB6 Code Quality and Security 2.12.0.4860 (vb)
  - Apex Code Quality and Security 1.15.0.4655 (sonarapex)
  - JavaScript/TypeScript/CSS Code Quality and Security 10.11.1.25225 (javascript)
  - Ruby Code Quality and Security 1.15.0.4655 (ruby)
  - Vulnerability Rules for C# 10.4.0.30099 (securitycsharpfrontend)
  - Text Code Quality and Security 2.8.0.1635 (textenterprise)
  - Vulnerability Rules for Java 10.4.0.30099 (securityjavafrontend)
  - Vulnerability Rules for JS 10.4.0.30099 (securityjsfrontend)
  - COBOL Code Quality 5.6.0.7604 (cobol)
  - Vulnerability Rules for Python 10.4.0.30099 (securitypythonfrontend)
  - PHP Code Quality and Security 3.33.0.11274 (php)
  - ABAP Code Quality and Security 3.14.0.5470 (abap)
  - Vulnerability Rules for PHP 10.4.0.30099 (securityphpfrontend)
Global server settings:
  - sonar.abap.file.suffixes=.abap,.ab4,.flow,.asprog
  - sonar.apex.file.suffixes=.cls,.trigger
  - sonar.azureresourcemanager.file.suffixes=.bicep
  - sonar.c.file.suffixes=.c,.h
  - sonar.core.id=572B0818-AY43eERMTnOG6JP6j76l
  - sonar.core.startTime=2024-06-20T14:18:43+0200
  - sonar.cpp.file.suffixes=.cc,.cpp,.cxx,.c++,.hh,.hpp,.hxx,.h++,.ipp
  - sonar.cs.file.suffixes=.cs,.razor
  - sonar.css.file.suffixes=.css,.less,.scss,.sass
  - sonar.docker.file.patterns=Dockerfile,*.dockerfile
  - sonar.flex.file.suffixes=as
  - sonar.forceAuthentication=false
  - sonar.go.file.suffixes=.go
  - sonar.html.file.suffixes=.html,.xhtml,.cshtml,.vbhtml,.aspx,.ascx,.rhtml,.erb,.shtm,.shtml,.cmp,.twig
  - sonar.java.file.suffixes=.java,.jav
  - sonar.javascript.file.suffixes=.js,.jsx,.cjs,.mjs,.vue
  - sonar.json.file.suffixes=.json
  - sonar.jsp.file.suffixes=.jsp,.jspf,.jspx
  - sonar.kotlin.file.suffixes=.kt,.kts
  - sonar.objc.file.suffixes=.m
  - sonar.php.file.suffixes=php,php3,php4,php5,phtml,inc
  - sonar.pli.file.suffixes=.pli
  - sonar.plsql.file.suffixes=sql,pks,pkb
  - sonar.python.file.suffixes=py
  - sonar.qualityProfiles.allowDisableInheritedRules=true
  - sonar.rpg.file.suffixes=.rpg,.rpgle,.sqlrpgle,.RPG,.RPGLE,.SQLRPGLE
  - sonar.ruby.file.suffixes=.rb
  - sonar.scala.file.suffixes=.scala
  - sonar.swift.file.suffixes=.swift
  - sonar.terraform.file.suffixes=.tf
  - sonar.tsql.file.suffixes=.tsql
  - sonar.typescript.file.suffixes=.ts,.tsx,.cts,.mts
  - sonar.vb.file.suffixes=.bas,.frm,.ctl
  - sonar.vbnet.file.suffixes=.vb
  - sonar.xml.file.suffixes=.xml,.xsd,.xsl,.config
  - sonar.yaml.file.suffixes=.yaml,.yml
Project server settings:
  - sonar.abap.file.suffixes=.abap,.ab4,.flow,.asprog
  - sonar.apex.file.suffixes=.cls,.trigger
  - sonar.azureresourcemanager.file.suffixes=.bicep
  - sonar.c.file.suffixes=.c,.h
  - sonar.cpp.file.suffixes=.cc,.cpp,.cxx,.c++,.hh,.hpp,.hxx,.h++,.ipp
  - sonar.cs.file.suffixes=.cs,.razor
  - sonar.css.file.suffixes=.css,.less,.scss,.sass
  - sonar.docker.file.patterns=Dockerfile,*.dockerfile
  - sonar.flex.file.suffixes=as
  - sonar.go.file.suffixes=.go
  - sonar.html.file.suffixes=.html,.xhtml,.cshtml,.vbhtml,.aspx,.ascx,.rhtml,.erb,.shtm,.shtml,.cmp,.twig
  - sonar.java.file.suffixes=.java,.jav
  - sonar.javascript.file.suffixes=.js,.jsx,.cjs,.mjs,.vue
  - sonar.json.file.suffixes=.json
  - sonar.jsp.file.suffixes=.jsp,.jspf,.jspx
  - sonar.kotlin.file.suffixes=.kt,.kts
  - sonar.objc.file.suffixes=.m
  - sonar.php.file.suffixes=php,php3,php4,php5,phtml,inc
  - sonar.pli.file.suffixes=.pli
  - sonar.plsql.file.suffixes=sql,pks,pkb
  - sonar.python.file.suffixes=py
  - sonar.rpg.file.suffixes=.rpg,.rpgle,.sqlrpgle,.RPG,.RPGLE,.SQLRPGLE
  - sonar.ruby.file.suffixes=.rb
  - sonar.scala.file.suffixes=.scala
  - sonar.swift.file.suffixes=.swift
  - sonar.terraform.file.suffixes=.tf
  - sonar.tsql.file.suffixes=.tsql
  - sonar.typescript.file.suffixes=.ts,.tsx,.cts,.mts
  - sonar.vb.file.suffixes=.bas,.frm,.ctl
  - sonar.vbnet.file.suffixes=.vb
  - sonar.xml.file.suffixes=.xml,.xsd,.xsl,.config
  - sonar.yaml.file.suffixes=.yaml,.yml
Project scanner properties:
  - sonar.binaries=/Users/krzysztofjazgara/sonar-scanning-examples/sonarqube-scanner-maven/maven-basic/target/classes
  - sonar.groovy.binaries=/Users/krzysztofjazgara/sonar-scanning-examples/sonarqube-scanner-maven/maven-basic/target/classes
  - sonar.host.url=http://localhost:10400
  - sonar.java.binaries=/Users/krzysztofjazgara/sonar-scanning-examples/sonarqube-scanner-maven/maven-basic/target/classes
  - sonar.java.jdkHome=/opt/homebrew/Cellar/openjdk/20.0.2/libexec/openjdk.jdk/Contents/Home
  - sonar.java.libraries=/Users/krzysztofjazgara/.m2/repository/com/google/guava/guava/29.0-jre/guava-29.0-jre.jar,/Users/krzysztofjazgara/.m2/repository/com/google/guava/failureaccess/1.0.1/failureaccess-1.0.1.jar,/Users/krzysztofjazgara/.m2/repository/com/google/guava/listenablefuture/9999.0-empty-to-avoid-conflict-with-guava/listenablefuture-9999.0-empty-to-avoid-conflict-with-guava.jar,/Users/krzysztofjazgara/.m2/repository/com/google/code/findbugs/jsr305/3.0.2/jsr305-3.0.2.jar,/Users/krzysztofjazgara/.m2/repository/org/checkerframework/checker-qual/2.11.1/checker-qual-2.11.1.jar,/Users/krzysztofjazgara/.m2/repository/com/google/errorprone/error_prone_annotations/2.3.4/error_prone_annotations-2.3.4.jar,/Users/krzysztofjazgara/.m2/repository/com/google/j2objc/j2objc-annotations/1.3/j2objc-annotations-1.3.jar
  - sonar.java.source=11
  - sonar.java.target=11
  - sonar.java.test.binaries=/Users/krzysztofjazgara/sonar-scanning-examples/sonarqube-scanner-maven/maven-basic/target/test-classes
  - sonar.java.test.libraries=/Users/krzysztofjazgara/sonar-scanning-examples/sonarqube-scanner-maven/maven-basic/target/classes,/Users/krzysztofjazgara/.m2/repository/com/google/guava/guava/29.0-jre/guava-29.0-jre.jar,/Users/krzysztofjazgara/.m2/repository/com/google/guava/failureaccess/1.0.1/failureaccess-1.0.1.jar,/Users/krzysztofjazgara/.m2/repository/com/google/guava/listenablefuture/9999.0-empty-to-avoid-conflict-with-guava/listenablefuture-9999.0-empty-to-avoid-conflict-with-guava.jar,/Users/krzysztofjazgara/.m2/repository/com/google/code/findbugs/jsr305/3.0.2/jsr305-3.0.2.jar,/Users/krzysztofjazgara/.m2/repository/org/checkerframework/checker-qual/2.11.1/checker-qual-2.11.1.jar,/Users/krzysztofjazgara/.m2/repository/com/google/errorprone/error_prone_annotations/2.3.4/error_prone_annotations-2.3.4.jar,/Users/krzysztofjazgara/.m2/repository/com/google/j2objc/j2objc-annotations/1.3/j2objc-annotations-1.3.jar,/Users/krzysztofjazgara/.m2/repository/junit/junit/4.13.1/junit-4.13.1.jar,/Users/krzysztofjazgara/....
  - sonar.junit.reportPaths=/Users/krzysztofjazgara/sonar-scanning-examples/sonarqube-scanner-maven/maven-basic/target/surefire-reports
  - sonar.junit.reportsPath=/Users/krzysztofjazgara/sonar-scanning-examples/sonarqube-scanner-maven/maven-basic/target/surefire-reports
  - sonar.libraries=/Users/krzysztofjazgara/.m2/repository/com/google/guava/guava/29.0-jre/guava-29.0-jre.jar,/Users/krzysztofjazgara/.m2/repository/com/google/guava/failureaccess/1.0.1/failureaccess-1.0.1.jar,/Users/krzysztofjazgara/.m2/repository/com/google/guava/listenablefuture/9999.0-empty-to-avoid-conflict-with-guava/listenablefuture-9999.0-empty-to-avoid-conflict-with-guava.jar,/Users/krzysztofjazgara/.m2/repository/com/google/code/findbugs/jsr305/3.0.2/jsr305-3.0.2.jar,/Users/krzysztofjazgara/.m2/repository/org/checkerframework/checker-qual/2.11.1/checker-qual-2.11.1.jar,/Users/krzysztofjazgara/.m2/repository/com/google/errorprone/error_prone_annotations/2.3.4/error_prone_annotations-2.3.4.jar,/Users/krzysztofjazgara/.m2/repository/com/google/j2objc/j2objc-annotations/1.3/j2objc-annotations-1.3.jar
  - sonar.links.ci=
  - sonar.links.homepage=
  - sonar.links.issue=
  - sonar.links.scm=
  - sonar.links.scm_dev=
  - sonar.moduleKey=org.sonarqube:sonarscanner-maven-basic
  - sonar.projectBaseDir=/Users/krzysztofjazgara/sonar-scanning-examples/sonarqube-scanner-maven/maven-basic
  - sonar.projectBuildDir=/Users/krzysztofjazgara/sonar-scanning-examples/sonarqube-scanner-maven/maven-basic/target
  - sonar.projectKey=org.sonarqube:sonarscanner-maven-basic
  - sonar.projectName=Example of basic Maven project
  - sonar.projectVersion=1.0-SNAPSHOT
  - sonar.scanner.app=ScannerMaven
  - sonar.scanner.appVersion=3.9.1.2184/3.9.4
  - sonar.sourceEncoding=UTF-8
  - sonar.sources=/Users/krzysztofjazgara/sonar-scanning-examples/sonarqube-scanner-maven/maven-basic/pom.xml,/Users/krzysztofjazgara/sonar-scanning-examples/sonarqube-scanner-maven/maven-basic/src/main/java
  - sonar.tests=/Users/krzysztofjazgara/sonar-scanning-examples/sonarqube-scanner-maven/maven-basic/src/test/java
  - sonar.verbose=true
  - sonar.working.directory=/Users/krzysztofjazgara/sonar-scanning-examples/sonarqube-scanner-maven/maven-basic/target/sonar
